# JRE version: Java(TM) SE Runtime Environment (8.0_102-b14) (build 1.8.0_102-b14)
# Java VM: Java HotSpot(TM) 64-Bit Server VM (25.102-b14 mixed mode windows-amd64 compressed oops)
Heap:
 PSYoungGen      total 403456K, used 950K [0x00000000e0000000, 0x0000000100000000, 0x0000000100000000)
  eden space 293888K, 0% used [0x00000000e0000000,0x00000000e0000000,0x00000000f1f00000)
  from space 109568K, 0% used [0x00000000f1f00000,0x00000000f1fed9a0,0x00000000f8a00000)
  to   space 110080K, 0% used [0x00000000f9480000,0x00000000f9480000,0x0000000100000000)
 ParOldGen       total 665600K, used 585329K [0x00000000a0000000, 0x00000000c8a00000, 0x00000000e0000000)
  object space 665600K, 87% used [0x00000000a0000000,0x00000000c3b9c760,0x00000000c8a00000)
 Metaspace       used 111965K, capacity 120204K, committed 125716K, reserved 1159168K
  class space    used 14426K, capacity 15502K, committed 16188K, reserved 1048576K
GC Heap History (10 events):
Event: 14978.265 GC heap after
Heap after GC invocations=77 (full 12):
 PSYoungGen      total 380928K, used 16474K [0x00000000e0000000, 0x00000000ff980000, 0x0000000100000000)
  eden space 261120K, 0% used [0x00000000e0000000,0x00000000e0000000,0x00000000eff00000)
  from space 119808K, 13% used [0x00000000eff00000,0x00000000f0f16a90,0x00000000f7400000)
  to   space 117248K, 0% used [0x00000000f8700000,0x00000000f8700000,0x00000000ff980000)
 ParOldGen       total 665600K, used 428106K [0x00000000a0000000, 0x00000000c8a00000, 0x00000000e0000000)
  object space 665600K, 64% used [0x00000000a0000000,0x00000000ba212b30,0x00000000c8a00000)
 Metaspace       used 108461K, capacity 116558K, committed 125460K, reserved 1159168K
  class space    used 13968K, capacity 15035K, committed 16188K, reserved 1048576K
}
Event: 15045.488 GC heap before
{Heap before GC invocations=78 (full 12):
 PSYoungGen      total 380928K, used 277594K [0x00000000e0000000, 0x00000000ff980000, 0x0000000100000000)
  eden space 261120K, 100% used [0x00000000e0000000,0x00000000eff00000,0x00000000eff00000)
  from space 119808K, 13% used [0x00000000eff00000,0x00000000f0f16a90,0x00000000f7400000)
  to   space 117248K, 0% used [0x00000000f8700000,0x00000000f8700000,0x00000000ff980000)
 ParOldGen       total 665600K, used 428106K [0x00000000a0000000, 0x00000000c8a00000, 0x00000000e0000000)
  object space 665600K, 64% used [0x00000000a0000000,0x00000000ba212b30,0x00000000c8a00000)
 Metaspace       used 108548K, capacity 116734K, committed 125460K, reserved 1159168K
  class space    used 13986K, capacity 15051K, committed 16188K, reserved 1048576K
Event: 15045.574 GC heap after
Heap after GC invocations=78 (full 12):
 PSYoungGen      total 400896K, used 20851K [0x00000000e0000000, 0x00000000ff680000, 0x0000000100000000)
  eden space 286720K, 0% used [0x00000000e0000000,0x00000000e0000000,0x00000000f1800000)
  from space 114176K, 18% used [0x00000000f8700000,0x00000000f9b5ce40,0x00000000ff680000)
  to   space 113664K, 0% used [0x00000000f1800000,0x00000000f1800000,0x00000000f8700000)
 ParOldGen       total 665600K, used 431923K [0x00000000a0000000, 0x00000000c8a00000, 0x00000000e0000000)
  object space 665600K, 64% used [0x00000000a0000000,0x00000000ba5ccf30,0x00000000c8a00000)
 Metaspace       used 108548K, capacity 116734K, committed 125460K, reserved 1159168K
  class space    used 13986K, capacity 15051K, committed 16188K, reserved 1048576K
}
Event: 15058.258 GC heap before
{Heap before GC invocations=79 (full 12):
 PSYoungGen      total 400896K, used 307571K [0x00000000e0000000, 0x00000000ff680000, 0x0000000100000000)
  eden space 286720K, 100% used [0x00000000e0000000,0x00000000f1800000,0x00000000f1800000)
  from space 114176K, 18% used [0x00000000f8700000,0x00000000f9b5ce40,0x00000000ff680000)
  to   space 113664K, 0% used [0x00000000f1800000,0x00000000f1800000,0x00000000f8700000)
 ParOldGen       total 665600K, used 431923K [0x00000000a0000000, 0x00000000c8a00000, 0x00000000e0000000)
  object space 665600K, 64% used [0x00000000a0000000,0x00000000ba5ccf30,0x00000000c8a00000)
 Metaspace       used 109356K, capacity 117538K, committed 125716K, reserved 1159168K
  class space    used 14063K, capacity 15137K, committed 16188K, reserved 1048576K
Event: 15058.317 GC heap after
Heap after GC invocations=79 (full 12):
 PSYoungGen      total 400384K, used 35795K [0x00000000e0000000, 0x00000000ff280000, 0x0000000100000000)
  eden space 286720K, 0% used [0x00000000e0000000,0x00000000e0000000,0x00000000f1800000)
  from space 113664K, 31% used [0x00000000f1800000,0x00000000f3af4cf0,0x00000000f8700000)
  to   space 107008K, 0% used [0x00000000f8a00000,0x00000000f8a00000,0x00000000ff280000)
 ParOldGen       total 665600K, used 432875K [0x00000000a0000000, 0x00000000c8a00000, 0x00000000e0000000)
  object space 665600K, 65% used [0x00000000a0000000,0x00000000ba6bafa8,0x00000000c8a00000)
 Metaspace       used 109356K, capacity 117538K, committed 125716K, reserved 1159168K
  class space    used 14063K, capacity 15137K, committed 16188K, reserved 1048576K
}
Event: 15060.521 GC heap before
{Heap before GC invocations=80 (full 12):
 PSYoungGen      total 400384K, used 322515K [0x00000000e0000000, 0x00000000ff280000, 0x0000000100000000)
  eden space 286720K, 100% used [0x00000000e0000000,0x00000000f1800000,0x00000000f1800000)
  from space 113664K, 31% used [0x00000000f1800000,0x00000000f3af4cf0,0x00000000f8700000)
  to   space 107008K, 0% used [0x00000000f8a00000,0x00000000f8a00000,0x00000000ff280000)
 ParOldGen       total 665600K, used 436073K [0x00000000a0000000, 0x00000000c8a00000, 0x00000000e0000000)
  object space 665600K, 65% used [0x00000000a0000000,0x00000000ba9da750,0x00000000c8a00000)
 Metaspace       used 111951K, capacity 120140K, committed 125716K, reserved 1159168K
  class space    used 14426K, capacity 15502K, committed 16188K, reserved 1048576K
Event: 15060.952 GC heap after
Heap after GC invocations=80 (full 12):
 PSYoungGen      total 400896K, used 65136K [0x00000000e0000000, 0x00000000ffe80000, 0x0000000100000000)
  eden space 293888K, 0% used [0x00000000e0000000,0x00000000e0000000,0x00000000f1f00000)
  from space 107008K, 60% used [0x00000000f8a00000,0x00000000fc99c3d0,0x00000000ff280000)
  to   space 109568K, 0% used [0x00000000f1f00000,0x00000000f1f00000,0x00000000f8a00000)
 ParOldGen       total 665600K, used 464937K [0x00000000a0000000, 0x00000000c8a00000, 0x00000000e0000000)
  object space 665600K, 69% used [0x00000000a0000000,0x00000000bc60a558,0x00000000c8a00000)
 Metaspace       used 111951K, capacity 120140K, committed 125716K, reserved 1159168K
  class space    used 14426K, capacity 15502K, committed 16188K, reserved 1048576K
}
Event: 15061.270 GC heap before
{Heap before GC invocations=81 (full 12):
 PSYoungGen      total 400896K, used 358573K [0x00000000e0000000, 0x00000000ffe80000, 0x0000000100000000)
  eden space 293888K, 99% used [0x00000000e0000000,0x00000000f1e8f1e0,0x00000000f1f00000)
  from space 107008K, 60% used [0x00000000f8a00000,0x00000000fc99c3d0,0x00000000ff280000)
  to   space 109568K, 0% used [0x00000000f1f00000,0x00000000f1f00000,0x00000000f8a00000)
 ParOldGen       total 665600K, used 529450K [0x00000000a0000000, 0x00000000c8a00000, 0x00000000e0000000)
  object space 665600K, 79% used [0x00000000a0000000,0x00000000c050a948,0x00000000c8a00000)
 Metaspace       used 111965K, capacity 120204K, committed 125716K, reserved 1159168K
  class space    used 14426K, capacity 15502K, committed 16188K, reserved 1048576K
Event: 15061.427 GC heap after
Heap after GC invocations=81 (full 12):
 PSYoungGen      total 403456K, used 950K [0x00000000e0000000, 0x0000000100000000, 0x0000000100000000)
  eden space 293888K, 0% used [0x00000000e0000000,0x00000000e0000000,0x00000000f1f00000)
  from space 109568K, 0% used [0x00000000f1f00000,0x00000000f1fed9a0,0x00000000f8a00000)
  to   space 110080K, 0% used [0x00000000f9480000,0x00000000f9480000,0x0000000100000000)
 ParOldGen       total 665600K, used 585329K [0x00000000a0000000, 0x00000000c8a00000, 0x00000000e0000000)
  object space 665600K, 87% used [0x00000000a0000000,0x00000000c3b9c760,0x00000000c8a00000)
 Metaspace       used 111965K, capacity 120204K, committed 125716K, reserved 1159168K
  class space    used 14426K, capacity 15502K, committed 16188K, reserved 1048576K
}
Event: 15061.427 GC heap before
{Heap before GC invocations=82 (full 13):
 PSYoungGen      total 403456K, used 950K [0x00000000e0000000, 0x0000000100000000, 0x0000000100000000)
  eden space 293888K, 0% used [0x00000000e0000000,0x00000000e0000000,0x00000000f1f00000)
  from space 109568K, 0% used [0x00000000f1f00000,0x00000000f1fed9a0,0x00000000f8a00000)
  to   space 110080K, 0% used [0x00000000f9480000,0x00000000f9480000,0x0000000100000000)
 ParOldGen       total 665600K, used 585329K [0x00000000a0000000, 0x00000000c8a00000, 0x00000000e0000000)
  object space 665600K, 87% used [0x00000000a0000000,0x00000000c3b9c760,0x00000000c8a00000)
 Metaspace       used 111965K, capacity 120204K, committed 125716K, reserved 1159168K
  class space    used 14426K, capacity 15502K, committed 16188K, reserved 1048576K

